<?xml version="1.0" encoding="UTF-8"?>
<testng-results ignored="0" total="2" passed="2" failed="0" skipped="0">
  <reporter-output>
  </reporter-output>
  <suite started-at="2019-04-02T10:50:38Z" name="Suite" finished-at="2019-04-02T10:52:30Z" duration-ms="111602">
    <groups>
    </groups>
    <test started-at="2019-04-02T10:50:38Z" name="Test" finished-at="2019-04-02T10:52:30Z" duration-ms="111602">
      <class name="testcases.tc2NegativeValidation">
        <test-method signature="tc2NegativeValidation()[pri:0, instance:testcases.tc2NegativeValidation@bd4dc25]" started-at="2019-04-02T10:51:33Z" name="tc2NegativeValidation" finished-at="2019-04-02T10:52:30Z" duration-ms="56732" status="PASS">
          <reporter-output>
          </reporter-output>
        </test-method> <!-- tc2NegativeValidation -->
      </class> <!-- testcases.tc2NegativeValidation -->
      <class name="testcases.tc1PsitiveValidation">
        <test-method signature="tc1PsitiveValidation()[pri:0, instance:testcases.tc1PsitiveValidation@4efc180e]" started-at="2019-04-02T10:50:38Z" name="tc1PsitiveValidation" finished-at="2019-04-02T10:51:33Z" duration-ms="54813" status="PASS">
          <reporter-output>
          </reporter-output>
        </test-method> <!-- tc1PsitiveValidation -->
      </class> <!-- testcases.tc1PsitiveValidation -->
    </test> <!-- Test -->
  </suite> <!-- Suite -->
</testng-results>
