<?xml version="1.0" encoding="UTF-8"?>
<testng-results ignored="0" total="1" passed="1" failed="0" skipped="0">
  <reporter-output>
  </reporter-output>
  <suite started-at="2019-03-28T15:10:04Z" name="Default suite" finished-at="2019-03-28T15:10:21Z" duration-ms="17039">
    <groups>
    </groups>
    <test started-at="2019-03-28T15:10:04Z" name="Default test" finished-at="2019-03-28T15:10:21Z" duration-ms="17039">
      <class name="testcases.fnpextentReport">
        <test-method is-config="true" signature="setExtent()[pri:0, instance:testcases.fnpextentReport@1af2d44a]" started-at="2019-03-28T15:10:04Z" name="setExtent" finished-at="2019-03-28T15:10:04Z" duration-ms="328" status="PASS">
          <reporter-output>
          </reporter-output>
        </test-method> <!-- setExtent -->
        <test-method is-config="true" signature="launchweb()[pri:0, instance:testcases.fnpextentReport@1af2d44a]" started-at="2019-03-28T15:10:04Z" name="launchweb" finished-at="2019-03-28T15:10:10Z" duration-ms="6000" status="PASS">
          <reporter-output>
          </reporter-output>
        </test-method> <!-- launchweb -->
        <test-method signature="validlogin()[pri:0, instance:testcases.fnpextentReport@1af2d44a]" started-at="2019-03-28T15:10:10Z" name="validlogin" finished-at="2019-03-28T15:10:20Z" duration-ms="9649" status="PASS">
          <reporter-output>
          </reporter-output>
        </test-method> <!-- validlogin -->
        <test-method is-config="true" signature="checkResult(org.testng.ITestResult)[pri:0, instance:testcases.fnpextentReport@1af2d44a]" started-at="2019-03-28T15:10:20Z" name="checkResult" finished-at="2019-03-28T15:10:20Z" duration-ms="15" status="PASS">
          <params>
            <param index="0">
              <value>
                <![CDATA[[TestResult name=validlogin status=SUCCESS method=fnpextentReport.validlogin()[pri:0, instance:testcases.fnpextentReport@1af2d44a] output={null}]]]>
              </value>
            </param>
          </params>
          <reporter-output>
          </reporter-output>
        </test-method> <!-- checkResult -->
        <test-method is-config="true" signature="endReport()[pri:0, instance:testcases.fnpextentReport@1af2d44a]" started-at="2019-03-28T15:10:20Z" name="endReport" finished-at="2019-03-28T15:10:21Z" duration-ms="1016" status="PASS">
          <reporter-output>
          </reporter-output>
        </test-method> <!-- endReport -->
      </class> <!-- testcases.fnpextentReport -->
    </test> <!-- Default test -->
  </suite> <!-- Default suite -->
</testng-results>
